[debug] > Exec(early(addDefaultCommands), None, None)
[debug] > Exec(addDefaultCommands, None, None)
[debug] > Exec(early(initialize), None, None)
[debug] > Exec(initialize, None, None)
[debug] > Exec(early(addPluginSbtFile="""C:\Users\user\AppData\Local\Temp\idea.sbt"""), None, None)
[debug] > Exec(addPluginSbtFile="""C:\Users\user\AppData\Local\Temp\idea.sbt""", None, None)
[debug] > Exec(boot, None, None)
[debug] > Exec(writeSbtVersion, None, None)
[debug] > Exec(reload, None, None)
[debug] > Exec(sbtStashOnFailure, None, None)
[debug] > Exec(onFailure loadFailed, None, None)
[debug] > Exec(loadp, None, None)
[info] welcome to sbt 1.4.7 (Oracle Corporation Java 1.8.0_281)
[debug]       Load.loadUnit: plugins took 106.2216ms
[debug]       Load.loadUnit: defsScala took 0.4227ms
[debug] [Loading] Scanning directory C:\Users\user\.sbt\1.0\plugins
[debug] [Loading] Found non-root projects 
[debug] [Loading] Done in C:\Users\user\.sbt\1.0\plugins, returning: ()
[debug] deducing auto plugins based on known facts Set(Atom(sbt.plugins.CorePlugin)) and clauses Clauses(List(Clause(Atom(sbt.plugins.JvmPlugin),Set(Atom(sbt.plugins.IvyPlugin))), Clause(Atom(sbt.ScriptedPlugin),Set(Atom(sbt.plugins.JvmPlugin))), Clause(Atom(sbt.plugins.SbtPlugin),Set(Atom(sbt.ScriptedPlugin))), Clause(Atom(sbt.plugins.SemanticdbPlugin),Set(Atom(sbt.plugins.JvmPlugin))), Clause(Atom(sbt.plugins.JUnitXmlReportPlugin),Set(Atom(sbt.plugins.JvmPlugin))), Clause(Atom(sbt.plugins.MiniDependencyTreePlugin),Set(Atom(sbt.plugins.JvmPlugin))), Clause(Atom(sbt.plugins.CorePlugin),Set(Atom(sbt.plugins.IvyPlugin))), Clause(Atom(sbt.plugins.IvyPlugin),Set(Atom(sbt.plugins.JvmPlugin))), Clause(Atom(sbt.plugins.JvmPlugin),Set(Atom(sbt.plugins.SemanticdbPlugin))), Clause(Atom(sbt.plugins.JvmPlugin),Set(Atom(sbt.plugins.JUnitXmlReportPlugin))), Clause(Atom(sbt.plugins.CorePlugin),Set(Atom(sbt.plugins.Giter8TemplatePlugin))), Clause(Atom(sbt.plugins.JvmPlugin),Set(Atom(sbt.plugins.MiniDependencyTreePlugin)))))
[debug]   :: deduced result: Matched(sbt.plugins.CorePlugin,sbt.plugins.Giter8TemplatePlugin,sbt.plugins.IvyPlugin,sbt.plugins.JvmPlugin,sbt.plugins.MiniDependencyTreePlugin,sbt.plugins.JUnitXmlReportPlugin,sbt.plugins.SemanticdbPlugin)
[debug] Plugins.deducer#function took 27.5249 ms
[debug]           Load.resolveProject(global-plugins) took 56.8789ms
[debug]         Load.loadTransitive: finalizeProject(Project(id global-plugins, base: C:\Users\user\.sbt\1.0\plugins, plugins: List(<none>))) took 117.4021ms
[debug] [Loading] Done in C:\Users\user\.sbt\1.0\plugins, returning: (global-plugins)
[debug]       Load.loadUnit: loadedProjectsRaw took 142.8576ms
[debug]       Load.loadUnit: cleanEvalClasses took 0.3314ms
[debug]     Load.loadUnit(file:/C:/Users/user/.sbt/1.0/plugins/, ...) took 258.5131ms
[debug]   Load.apply: load took 456.7573ms
[debug]   Load.apply: resolveProjects took 7.4096ms
[debug]   Load.apply: finalTransforms took 70.6275ms
[debug]   Load.apply: config.delegates took 9.6026ms
[debug]   Load.apply: Def.make(settings)... took 1818.9677ms
[debug]   Load.apply: structureIndex took 159.9174ms
[debug]   Load.apply: mkStreams took 3.0773ms
[info] loading global plugins from C:\Users\user\.sbt\1.0\plugins
[debug] Running task... Cancel: Signal, check cycles: false, forcegc: true
[debug] Load.defaultLoad until apply took 5496.7894ms
[debug]           Load.loadUnit: plugins took 23.2728ms
[debug]           Load.loadUnit: defsScala took 0.004ms
[debug] [Loading] Scanning directory E:\Disk G\KBTU\3 course\2 term\Backend Scala\Week 2\project
[debug]             Load.loadUnit: mkEval took 9.0358ms
[debug] [Loading] Found non-root projects 
[debug] [Loading] Done in E:\Disk G\KBTU\3 course\2 term\Backend Scala\Week 2\project, returning: ()
[debug] deducing auto plugins based on known facts Set(Atom(sbt.plugins.CorePlugin)) and clauses Clauses(List(Clause(Atom(sbt.plugins.JvmPlugin),Set(Atom(sbt.plugins.IvyPlugin))), Clause(Atom(sbt.ScriptedPlugin),Set(Atom(sbt.plugins.JvmPlugin))), Clause(Atom(sbt.plugins.SbtPlugin),Set(Atom(sbt.ScriptedPlugin))), Clause(Atom(sbt.plugins.SemanticdbPlugin),Set(Atom(sbt.plugins.JvmPlugin))), Clause(Atom(sbt.plugins.JUnitXmlReportPlugin),Set(Atom(sbt.plugins.JvmPlugin))), Clause(Atom(sbt.plugins.MiniDependencyTreePlugin),Set(Atom(sbt.plugins.JvmPlugin))), Clause(Atom(sbt.plugins.CorePlugin),Set(Atom(sbt.plugins.IvyPlugin))), Clause(Atom(sbt.plugins.IvyPlugin),Set(Atom(sbt.plugins.JvmPlugin))), Clause(Atom(sbt.plugins.JvmPlugin),Set(Atom(sbt.plugins.SemanticdbPlugin))), Clause(Atom(sbt.plugins.JvmPlugin),Set(Atom(sbt.plugins.JUnitXmlReportPlugin))), Clause(Atom(sbt.plugins.CorePlugin),Set(Atom(sbt.plugins.Giter8TemplatePlugin))), Clause(Atom(sbt.plugins.JvmPlugin),Set(Atom(sbt.plugins.MiniDependencyTreePlugin)))))
[debug]   :: deduced result: Matched(sbt.plugins.CorePlugin,sbt.plugins.Giter8TemplatePlugin,sbt.plugins.IvyPlugin,sbt.plugins.JvmPlugin,sbt.plugins.MiniDependencyTreePlugin,sbt.plugins.JUnitXmlReportPlugin,sbt.plugins.SemanticdbPlugin)
[debug] Plugins.deducer#function took 3.3944 ms
[info] loading settings for project week-2-build from idea.sbt ...
[debug]               Load.resolveProject(week-2-build) took 11.8574ms
[debug]             Load.loadTransitive: finalizeProject(Project(id week-2-build, base: E:\Disk G\KBTU\3 course\2 term\Backend Scala\Week 2\project, plugins: List(<none>))) took 16.0407ms
[debug] [Loading] Done in E:\Disk G\KBTU\3 course\2 term\Backend Scala\Week 2\project, returning: (week-2-build)
[debug]           Load.loadUnit: loadedProjectsRaw took 165.9944ms
[debug]           Load.loadUnit: cleanEvalClasses took 5.7244ms
[debug]         Load.loadUnit(file:/E:/Disk%20G/KBTU/3%20course/2%20term/Backend%20Scala/Week%202/project/, ...) took 196.1766ms
[debug]       Load.apply: load took 197.7767ms
[debug]       Load.apply: resolveProjects took 0.1401ms
[debug]       Load.apply: finalTransforms took 19.8942ms
[debug]       Load.apply: config.delegates took 0.5835ms
[debug]       Load.apply: Def.make(settings)... took 99.7035ms
[debug]       Load.apply: structureIndex took 38.0087ms
[debug]       Load.apply: mkStreams took 0.0028ms
[info] loading project definition from E:\Disk G\KBTU\3 course\2 term\Backend Scala\Week 2\project
[debug] Running task... Cancel: Signal, check cycles: false, forcegc: true
[debug]     Load.loadUnit: plugins took 713.3264ms
[debug]     Load.loadUnit: defsScala took 0.003ms
[debug] [Loading] Scanning directory E:\Disk G\KBTU\3 course\2 term\Backend Scala\Week 2
[debug]       Load.loadUnit: mkEval took 0.2889ms
[debug] [Loading] Found non-root projects 
[debug] [Loading] Done in E:\Disk G\KBTU\3 course\2 term\Backend Scala\Week 2, returning: ()
[debug] deducing auto plugins based on known facts Set(Atom(sbt.plugins.CorePlugin)) and clauses Clauses(List(Clause(Atom(sbt.plugins.JvmPlugin),Set(Atom(sbt.plugins.IvyPlugin))), Clause(Atom(sbt.ScriptedPlugin),Set(Atom(sbt.plugins.JvmPlugin))), Clause(Atom(sbt.plugins.SbtPlugin),Set(Atom(sbt.ScriptedPlugin))), Clause(Atom(sbt.plugins.SemanticdbPlugin),Set(Atom(sbt.plugins.JvmPlugin))), Clause(Atom(sbt.plugins.JUnitXmlReportPlugin),Set(Atom(sbt.plugins.JvmPlugin))), Clause(Atom(sbt.plugins.MiniDependencyTreePlugin),Set(Atom(sbt.plugins.JvmPlugin))), Clause(Atom(org.jetbrains.sbt.StructurePlugin),Set(Atom(sbt.plugins.JvmPlugin))), Clause(Atom(org.jetbrains.sbt.IdeaShellPlugin),Set(Atom(sbt.plugins.JvmPlugin))), Clause(Atom(org.jetbrains.sbt.indices.SbtIntellijIndicesPlugin),Set(Atom(sbt.plugins.JvmPlugin))), Clause(Atom(sbt.plugins.CorePlugin),Set(Atom(sbt.plugins.IvyPlugin))), Clause(Atom(sbt.plugins.IvyPlugin),Set(Atom(sbt.plugins.JvmPlugin))), Clause(Atom(sbt.plugins.JvmPlugin),Set(Atom(sbt.plugins.SemanticdbPlugin))), Clause(Atom(sbt.plugins.JvmPlugin),Set(Atom(sbt.plugins.JUnitXmlReportPlugin))), Clause(Atom(sbt.plugins.CorePlugin),Set(Atom(sbt.plugins.Giter8TemplatePlugin))), Clause(Atom(sbt.plugins.JvmPlugin),Set(Atom(sbt.plugins.MiniDependencyTreePlugin))), Clause(Atom(sbt.plugins.JvmPlugin),Set(Atom(org.jetbrains.sbt.StructurePlugin))), Clause(Atom(sbt.plugins.JvmPlugin),Set(Atom(org.jetbrains.sbt.IdeaShellPlugin))), Clause(And(Set(Atom(sbt.plugins.CorePlugin), Atom(sbt.plugins.JvmPlugin))),Set(Atom(org.jetbrains.sbt.indices.SbtIntellijIndicesPlugin)))))
[debug]   :: deduced result: Matched(sbt.plugins.CorePlugin,sbt.plugins.Giter8TemplatePlugin,sbt.plugins.IvyPlugin,sbt.plugins.JvmPlugin,sbt.plugins.SemanticdbPlugin,org.jetbrains.sbt.indices.SbtIntellijIndicesPlugin,sbt.plugins.JUnitXmlReportPlugin,org.jetbrains.sbt.IdeaShellPlugin,org.jetbrains.sbt.StructurePlugin,sbt.plugins.MiniDependencyTreePlugin)
[debug] Plugins.deducer#function took 2.4123 ms
[info] loading settings for project week-2 from build.sbt ...
[debug]         Load.resolveProject(week-2) took 37.5367ms
[debug]       Load.loadTransitive: finalizeProject(Project(id week-2, base: E:\Disk G\KBTU\3 course\2 term\Backend Scala\Week 2, plugins: List(<none>))) took 41.4625ms
[debug] [Loading] Done in E:\Disk G\KBTU\3 course\2 term\Backend Scala\Week 2, returning: (week-2)
[debug]     Load.loadUnit: loadedProjectsRaw took 67.1216ms
[debug]     Load.loadUnit: cleanEvalClasses took 2.4859ms
[debug]   Load.loadUnit(file:/E:/Disk%20G/KBTU/3%20course/2%20term/Backend%20Scala/Week%202/, ...) took 783.6103ms
[debug] Load.apply: load took 785.1845ms
[debug] Load.apply: resolveProjects took 0.1659ms
[debug] Load.apply: finalTransforms took 31.3928ms
[debug] Load.apply: config.delegates took 0.3742ms
[debug] Load.apply: Def.make(settings)... took 70.7145ms
[debug] Load.apply: structureIndex took 32.7088ms
[debug] Load.apply: mkStreams took 0.0028ms
[info] set current project to Week 2 (in build file:/E:/Disk%20G/KBTU/3%20course/2%20term/Backend%20Scala/Week%202/)
[debug] > Exec(sbtPopOnFailure, None, None)
[debug] > Exec(resumeFromFailure, None, None)
[debug] > Exec(notifyUsersAboutShell, None, None)
[debug] > Exec(iflast shell, None, None)
[debug] > Exec(; set ideaPort in Global := 51419 ; idea-shell, None, None)
[debug] > Exec(set ideaPort in Global := 51419, None, None)
[info] Defining Global / ideaPort
[info] The new value will be used by Compile / compile, Test / compile
[debug] Defining 
[debug] 	Global / ideaPort
[debug] 
[debug] The new value will be used by 
[debug] 	Compile / compile
[debug] 	Test / compile
[info] Reapplying settings...
[info] set current project to Week 2 (in build file:/E:/Disk%20G/KBTU/3%20course/2%20term/Backend%20Scala/Week%202/)
[debug] > Exec(idea-shell, None, None)
