[debug] > Exec(early(addDefaultCommands), None, None)
[debug] > Exec(addDefaultCommands, None, None)
[debug] > Exec(early(initialize), None, None)
[debug] > Exec(initialize, None, None)
[debug] > Exec(early(addPluginSbtFile="""C:\Users\user\AppData\Local\Temp\idea.sbt"""), None, None)
[debug] > Exec(addPluginSbtFile="""C:\Users\user\AppData\Local\Temp\idea.sbt""", None, None)
[debug] > Exec(boot, None, None)
[debug] > Exec(writeSbtVersion, None, None)
[debug] > Exec(reload, None, None)
[debug] > Exec(sbtStashOnFailure, None, None)
[debug] > Exec(onFailure loadFailed, None, None)
[debug] > Exec(loadp, None, None)
[info] welcome to sbt 1.4.7 (Oracle Corporation Java 1.8.0_281)
[debug]       Load.loadUnit: plugins took 202.186ms
[debug]       Load.loadUnit: defsScala took 0.4956ms
[debug] [Loading] Scanning directory C:\Users\user\.sbt\1.0\plugins
[debug] [Loading] Found non-root projects 
[debug] [Loading] Done in C:\Users\user\.sbt\1.0\plugins, returning: ()
[debug] deducing auto plugins based on known facts Set(Atom(sbt.plugins.CorePlugin)) and clauses Clauses(List(Clause(Atom(sbt.plugins.JvmPlugin),Set(Atom(sbt.plugins.IvyPlugin))), Clause(Atom(sbt.ScriptedPlugin),Set(Atom(sbt.plugins.JvmPlugin))), Clause(Atom(sbt.plugins.SbtPlugin),Set(Atom(sbt.ScriptedPlugin))), Clause(Atom(sbt.plugins.SemanticdbPlugin),Set(Atom(sbt.plugins.JvmPlugin))), Clause(Atom(sbt.plugins.JUnitXmlReportPlugin),Set(Atom(sbt.plugins.JvmPlugin))), Clause(Atom(sbt.plugins.MiniDependencyTreePlugin),Set(Atom(sbt.plugins.JvmPlugin))), Clause(Atom(sbt.plugins.CorePlugin),Set(Atom(sbt.plugins.IvyPlugin))), Clause(Atom(sbt.plugins.IvyPlugin),Set(Atom(sbt.plugins.JvmPlugin))), Clause(Atom(sbt.plugins.JvmPlugin),Set(Atom(sbt.plugins.SemanticdbPlugin))), Clause(Atom(sbt.plugins.JvmPlugin),Set(Atom(sbt.plugins.JUnitXmlReportPlugin))), Clause(Atom(sbt.plugins.CorePlugin),Set(Atom(sbt.plugins.Giter8TemplatePlugin))), Clause(Atom(sbt.plugins.JvmPlugin),Set(Atom(sbt.plugins.MiniDependencyTreePlugin)))))
[debug]   :: deduced result: Matched(sbt.plugins.CorePlugin,sbt.plugins.Giter8TemplatePlugin,sbt.plugins.IvyPlugin,sbt.plugins.JvmPlugin,sbt.plugins.MiniDependencyTreePlugin,sbt.plugins.JUnitXmlReportPlugin,sbt.plugins.SemanticdbPlugin)
[debug] Plugins.deducer#function took 43.0283 ms
[debug]           Load.resolveProject(global-plugins) took 97.3787ms
[debug]         Load.loadTransitive: finalizeProject(Project(id global-plugins, base: C:\Users\user\.sbt\1.0\plugins, plugins: List(<none>))) took 194.7598ms
[debug] [Loading] Done in C:\Users\user\.sbt\1.0\plugins, returning: (global-plugins)
[debug]       Load.loadUnit: loadedProjectsRaw took 230.3962ms
[debug]       Load.loadUnit: cleanEvalClasses took 0.5449ms
[debug]     Load.loadUnit(file:/C:/Users/user/.sbt/1.0/plugins/, ...) took 449.4854ms
[debug]   Load.apply: load took 735.0102ms
[debug]   Load.apply: resolveProjects took 13.8667ms
[debug]   Load.apply: finalTransforms took 140.5402ms
[debug]   Load.apply: config.delegates took 14.5099ms
[debug]   Load.apply: Def.make(settings)... took 1433.0299ms
[debug]   Load.apply: structureIndex took 267.5689ms
[debug]   Load.apply: mkStreams took 3.484ms
[info] loading global plugins from C:\Users\user\.sbt\1.0\plugins
[debug] Running task... Cancel: Signal, check cycles: false, forcegc: true
[debug] Load.defaultLoad until apply took 17599.4934ms
[debug]           Load.loadUnit: plugins took 24.8897ms
[debug]           Load.loadUnit: defsScala took 0.0036ms
[debug] [Loading] Scanning directory E:\Disk G\KBTU\3 course\2 term\Backend Scala\Week 2\project
[debug]             Load.loadUnit: mkEval took 9.8938ms
[debug] [Loading] Found non-root projects 
[debug] [Loading] Done in E:\Disk G\KBTU\3 course\2 term\Backend Scala\Week 2\project, returning: ()
[debug] deducing auto plugins based on known facts Set(Atom(sbt.plugins.CorePlugin)) and clauses Clauses(List(Clause(Atom(sbt.plugins.JvmPlugin),Set(Atom(sbt.plugins.IvyPlugin))), Clause(Atom(sbt.ScriptedPlugin),Set(Atom(sbt.plugins.JvmPlugin))), Clause(Atom(sbt.plugins.SbtPlugin),Set(Atom(sbt.ScriptedPlugin))), Clause(Atom(sbt.plugins.SemanticdbPlugin),Set(Atom(sbt.plugins.JvmPlugin))), Clause(Atom(sbt.plugins.JUnitXmlReportPlugin),Set(Atom(sbt.plugins.JvmPlugin))), Clause(Atom(sbt.plugins.MiniDependencyTreePlugin),Set(Atom(sbt.plugins.JvmPlugin))), Clause(Atom(sbt.plugins.CorePlugin),Set(Atom(sbt.plugins.IvyPlugin))), Clause(Atom(sbt.plugins.IvyPlugin),Set(Atom(sbt.plugins.JvmPlugin))), Clause(Atom(sbt.plugins.JvmPlugin),Set(Atom(sbt.plugins.SemanticdbPlugin))), Clause(Atom(sbt.plugins.JvmPlugin),Set(Atom(sbt.plugins.JUnitXmlReportPlugin))), Clause(Atom(sbt.plugins.CorePlugin),Set(Atom(sbt.plugins.Giter8TemplatePlugin))), Clause(Atom(sbt.plugins.JvmPlugin),Set(Atom(sbt.plugins.MiniDependencyTreePlugin)))))
[debug]   :: deduced result: Matched(sbt.plugins.CorePlugin,sbt.plugins.Giter8TemplatePlugin,sbt.plugins.IvyPlugin,sbt.plugins.JvmPlugin,sbt.plugins.MiniDependencyTreePlugin,sbt.plugins.JUnitXmlReportPlugin,sbt.plugins.SemanticdbPlugin)
[debug] Plugins.deducer#function took 9.7133 ms
[info] loading settings for project week-2-build from idea.sbt ...
[debug]               Load.resolveProject(week-2-build) took 28.5178ms
[debug]             Load.loadTransitive: finalizeProject(Project(id week-2-build, base: E:\Disk G\KBTU\3 course\2 term\Backend Scala\Week 2\project, plugins: List(<none>))) took 38.9509ms
[debug] [Loading] Done in E:\Disk G\KBTU\3 course\2 term\Backend Scala\Week 2\project, returning: (week-2-build)
[debug]           Load.loadUnit: loadedProjectsRaw took 4584.0309ms
[debug]           Load.loadUnit: cleanEvalClasses took 6.5535ms
[debug]         Load.loadUnit(file:/E:/Disk%20G/KBTU/3%20course/2%20term/Backend%20Scala/Week%202/project/, ...) took 4616.4926ms
[debug]       Load.apply: load took 4618.8264ms
[debug]       Load.apply: resolveProjects took 0.1569ms
[debug]       Load.apply: finalTransforms took 26.0906ms
[debug]       Load.apply: config.delegates took 3.9781ms
[debug]       Load.apply: Def.make(settings)... took 214.4848ms
[debug]       Load.apply: structureIndex took 51.7169ms
[debug]       Load.apply: mkStreams took 0.0031ms
[info] loading project definition from E:\Disk G\KBTU\3 course\2 term\Backend Scala\Week 2\project
[debug] Running task... Cancel: Signal, check cycles: false, forcegc: true
[debug]     Load.loadUnit: plugins took 6468.3539ms
[debug]     Load.loadUnit: defsScala took 0.0041ms
[debug] [Loading] Scanning directory E:\Disk G\KBTU\3 course\2 term\Backend Scala\Week 2
[debug]       Load.loadUnit: mkEval took 0.2334ms
[debug] [Loading] Found non-root projects 
[debug] [Loading] Done in E:\Disk G\KBTU\3 course\2 term\Backend Scala\Week 2, returning: ()
[debug] deducing auto plugins based on known facts Set(Atom(sbt.plugins.CorePlugin)) and clauses Clauses(List(Clause(Atom(sbt.plugins.JvmPlugin),Set(Atom(sbt.plugins.IvyPlugin))), Clause(Atom(sbt.ScriptedPlugin),Set(Atom(sbt.plugins.JvmPlugin))), Clause(Atom(sbt.plugins.SbtPlugin),Set(Atom(sbt.ScriptedPlugin))), Clause(Atom(sbt.plugins.SemanticdbPlugin),Set(Atom(sbt.plugins.JvmPlugin))), Clause(Atom(sbt.plugins.JUnitXmlReportPlugin),Set(Atom(sbt.plugins.JvmPlugin))), Clause(Atom(sbt.plugins.MiniDependencyTreePlugin),Set(Atom(sbt.plugins.JvmPlugin))), Clause(Atom(org.jetbrains.sbt.StructurePlugin),Set(Atom(sbt.plugins.JvmPlugin))), Clause(Atom(org.jetbrains.sbt.IdeaShellPlugin),Set(Atom(sbt.plugins.JvmPlugin))), Clause(Atom(org.jetbrains.sbt.indices.SbtIntellijIndicesPlugin),Set(Atom(sbt.plugins.JvmPlugin))), Clause(Atom(sbt.plugins.CorePlugin),Set(Atom(sbt.plugins.IvyPlugin))), Clause(Atom(sbt.plugins.IvyPlugin),Set(Atom(sbt.plugins.JvmPlugin))), Clause(Atom(sbt.plugins.JvmPlugin),Set(Atom(sbt.plugins.SemanticdbPlugin))), Clause(Atom(sbt.plugins.JvmPlugin),Set(Atom(sbt.plugins.JUnitXmlReportPlugin))), Clause(Atom(sbt.plugins.CorePlugin),Set(Atom(sbt.plugins.Giter8TemplatePlugin))), Clause(Atom(sbt.plugins.JvmPlugin),Set(Atom(sbt.plugins.MiniDependencyTreePlugin))), Clause(Atom(sbt.plugins.JvmPlugin),Set(Atom(org.jetbrains.sbt.StructurePlugin))), Clause(Atom(sbt.plugins.JvmPlugin),Set(Atom(org.jetbrains.sbt.IdeaShellPlugin))), Clause(And(Set(Atom(sbt.plugins.CorePlugin), Atom(sbt.plugins.JvmPlugin))),Set(Atom(org.jetbrains.sbt.indices.SbtIntellijIndicesPlugin)))))
[debug]   :: deduced result: Matched(sbt.plugins.CorePlugin,sbt.plugins.Giter8TemplatePlugin,sbt.plugins.IvyPlugin,sbt.plugins.JvmPlugin,sbt.plugins.SemanticdbPlugin,org.jetbrains.sbt.indices.SbtIntellijIndicesPlugin,sbt.plugins.JUnitXmlReportPlugin,org.jetbrains.sbt.IdeaShellPlugin,org.jetbrains.sbt.StructurePlugin,sbt.plugins.MiniDependencyTreePlugin)
[debug] Plugins.deducer#function took 2.8387 ms
[info] loading settings for project week-2 from build.sbt ...
[debug]         Load.resolveProject(week-2) took 65.8766ms
[debug]       Load.loadTransitive: finalizeProject(Project(id week-2, base: E:\Disk G\KBTU\3 course\2 term\Backend Scala\Week 2, plugins: List(<none>))) took 70.4941ms
[debug] [Loading] Done in E:\Disk G\KBTU\3 course\2 term\Backend Scala\Week 2, returning: (week-2)
[debug]     Load.loadUnit: loadedProjectsRaw took 1135.0163ms
[debug]     Load.loadUnit: cleanEvalClasses took 6.4114ms
[debug]   Load.loadUnit(file:/E:/Disk%20G/KBTU/3%20course/2%20term/Backend%20Scala/Week%202/, ...) took 7610.6597ms
[debug] Load.apply: load took 7612.2884ms
[debug] Load.apply: resolveProjects took 0.1507ms
[debug] Load.apply: finalTransforms took 39.4963ms
[debug] Load.apply: config.delegates took 0.3682ms
[debug] Load.apply: Def.make(settings)... took 113.5414ms
[debug] Load.apply: structureIndex took 32.854ms
[debug] Load.apply: mkStreams took 0.0031ms
[info] set current project to Week 2 (in build file:/E:/Disk%20G/KBTU/3%20course/2%20term/Backend%20Scala/Week%202/)
[debug] > Exec(sbtPopOnFailure, None, None)
[debug] > Exec(resumeFromFailure, None, None)
[debug] > Exec(notifyUsersAboutShell, None, None)
[debug] > Exec(iflast shell, None, None)
[debug] > Exec(; set ideaPort in Global := 63121 ; idea-shell, None, None)
[debug] > Exec(set ideaPort in Global := 63121, None, None)
[info] Defining Global / ideaPort
[info] The new value will be used by Compile / compile, Test / compile
[debug] Defining 
[debug] 	Global / ideaPort
[debug] 
[debug] The new value will be used by 
[debug] 	Compile / compile
[debug] 	Test / compile
[info] Reapplying settings...
[info] set current project to Week 2 (in build file:/E:/Disk%20G/KBTU/3%20course/2%20term/Backend%20Scala/Week%202/)
[debug] > Exec(idea-shell, None, None)
